---------------------< SELECTION CRITERIA >-------------------------------- 0001

        Hydrogen bond geometric selection criteria:                             
        ~~~~~~~~~~~~~~~~~~~~~~~~~~~~~~~~~~~~~~~~~~~                             
        Donor-Acceptor distance <= 3.5 Ang. without sulfur                      
        Donor-Acceptor distance <= 4 Ang. with sulfur                           
        Donor-Acceptor distance <= 4.5 Ang. salt bridge                         
        Hydrogen-Acceptor distance <= 2.5 Ang. without sulfur                   
        Hydrogen-Acceptor distance <= 3 Ang. with sulfur                        
        Hydrogen-Acceptor distance <= 3.5 Ang. salt bridge                      
        Donor-Hydrogen-Acceptor angle >= 110 Deg.                               
        Hydrogen-Acceptor-Preacceptor angle >= 90 Deg.                          
                                                                                
        Hydrogen bond energetic selection criteria:                             
        ~~~~~~~~~~~~~~~~~~~~~~~~~~~~~~~~~~~~~~~~~~~                             
        Maximum allowed hydrogen bonding energy = -0.806 Kcal/Mol               
                                                                                
        Non-covalent bond selection criteria:                                   
        ~~~~~~~~~~~~~~~~~~~~~~~~~~~~~~~~~~~~~                                   
        Default: Remove *ALL* H-bonds involving waters                          
---------------------------------------------------------------------
                    BASIC SUMMARY OF PROFLEX ANALYSIS

      4251 Atoms
       185 Hydrogen bonds
       166 Hydrophobic tethers
       269 Torsional constraints
       296 Independent degrees of freedom (DOF)
       696 Rigid clusters
         0 Isolated atoms
         0 Isolated Dimers
         1 Three-dimensional objects
        10 Network induced stress regions
       290 Floppy modes (internal independent DOF)
       776 Hinge joints
       225 Independent hinge joints
        14 Collective motions (with two or more hinges)

---------- Rigid cluster Size ----- Cluster # ------------
                      3                220
                      4                 56
                      5                305
                      6                 81
                      7                 16
                      8                  1
                      9                  3
                     10                  7
                     12                  2
                     15                  1
                     16                  1
                     62                  1
                     63                  1
                   2511                  1

---------- Stress Region Size ----- Cluster # ------------
                      4                  2
                      5                  4
                      8                  1
                     23                  1
                     38                  1
                   1209                  1

---- Collective Motion ---- # of hinges ---- # of DOF ----
                  1                 60             6
                  2                  7             1
                  3                 10             4
                  4                145            13
                  5                 20             2
                  6                 33             3
                  7                 14             2
                  8                  7             1
                  9                 10             4
                 10                  7             1
                 11                206            20
                 12                 14             2
                 13                  9             3
                 14                  9             3

