---------------------< SELECTION CRITERIA >-------------------------------- 0001

        Hydrogen bond geometric selection criteria:                             
        ~~~~~~~~~~~~~~~~~~~~~~~~~~~~~~~~~~~~~~~~~~~                             
        Donor-Acceptor distance <= 3.5 Ang. without sulfur                      
        Donor-Acceptor distance <= 4 Ang. with sulfur                           
        Donor-Acceptor distance <= 4.5 Ang. salt bridge                         
        Hydrogen-Acceptor distance <= 2.5 Ang. without sulfur                   
        Hydrogen-Acceptor distance <= 3 Ang. with sulfur                        
        Hydrogen-Acceptor distance <= 3.5 Ang. salt bridge                      
        Donor-Hydrogen-Acceptor angle >= 110 Deg.                               
        Hydrogen-Acceptor-Preacceptor angle >= 90 Deg.                          
                                                                                
        Hydrogen bond energetic selection criteria:                             
        ~~~~~~~~~~~~~~~~~~~~~~~~~~~~~~~~~~~~~~~~~~~                             
        Maximum allowed hydrogen bonding energy = -0.806 Kcal/Mol               
                                                                                
        Non-covalent bond selection criteria:                                   
        ~~~~~~~~~~~~~~~~~~~~~~~~~~~~~~~~~~~~~                                   
        Default: Remove *ALL* H-bonds involving waters                          
---------------------------------------------------------------------
                    BASIC SUMMARY OF PROFLEX ANALYSIS

      4299 Atoms
       191 Hydrogen bonds
       174 Hydrophobic tethers
       269 Torsional constraints
       292 Independent degrees of freedom (DOF)
       662 Rigid clusters
         0 Isolated atoms
         0 Isolated Dimers
         1 Three-dimensional objects
         9 Network induced stress regions
       286 Floppy modes (internal independent DOF)
       736 Hinge joints
       223 Independent hinge joints
        19 Collective motions (with two or more hinges)

---------- Rigid cluster Size ----- Cluster # ------------
                      3                204
                      4                 56
                      5                297
                      6                 76
                      7                 13
                      8                  1
                      9                  3
                     10                  6
                     12                  2
                     15                  1
                     16                  1
                     63                  1
                   2690                  1

---------- Stress Region Size ----- Cluster # ------------
                      4                  2
                      5                  4
                      8                  1
                     38                  1
                   1292                  1

---- Collective Motion ---- # of hinges ---- # of DOF ----
                  1                 60             6
                  2                  7             1
                  3                 10             4
                  4                 14             2
                  5                 20             2
                  6                  7             1
                  7                 15             3
                  8                 32             2
                  9                  7             1
                 10                 33             3
                 11                 32             2
                 12                 14             2
                 13                  7             1
                 14                 10             4
                 15                  7             1
                 16                206            20
                 17                 14             2
                 18                  9             3
                 19                  9             3

